<?xml version="1.0" encoding="UTF-8"?>
<!-- Generated by org.testng.reporters.JUnitXMLReporter -->
<testsuite ignored="0" hostname="Hcl-PC" failures="0" tests="4" name="Default test" time="10.985" errors="0" timestamp="2023-10-08T17:08:02 IST">
  <testcase classname="exerciseAPI.ReqresCRUD" name="reqresDelete" time="7.855"/>
  <testcase classname="exerciseAPI.ReqresCRUD" name="reqresGet" time="1.076"/>
  <testcase classname="exerciseAPI.ReqresCRUD" name="reqresPost" time="0.928"/>
  <testcase classname="exerciseAPI.ReqresCRUD" name="reqresPut" time="0.939"/>
</testsuite> <!-- Default test -->
