<?xml version="1.0" encoding="UTF-8"?>
<testng-results ignored="0" total="4" passed="4" failed="0" skipped="0">
  <reporter-output>
  </reporter-output>
  <suite started-at="2023-10-08T17:07:50 IST" name="Default suite" finished-at="2023-10-08T17:08:01 IST" duration-ms="10985">
    <groups>
    </groups>
    <test started-at="2023-10-08T17:07:50 IST" name="Default test" finished-at="2023-10-08T17:08:01 IST" duration-ms="10985">
      <class name="exerciseAPI.ReqresCRUD">
        <test-method signature="reqresDelete()[pri:0, instance:exerciseAPI.ReqresCRUD@5b239d7d]" started-at="2023-10-08T17:07:51 IST" name="reqresDelete" finished-at="2023-10-08T17:07:58 IST" duration-ms="7855" status="PASS">
          <reporter-output>
          </reporter-output>
        </test-method> <!-- reqresDelete -->
        <test-method signature="reqresGet()[pri:0, instance:exerciseAPI.ReqresCRUD@5b239d7d]" started-at="2023-10-08T17:07:58 IST" name="reqresGet" finished-at="2023-10-08T17:08:00 IST" duration-ms="1076" status="PASS">
          <reporter-output>
          </reporter-output>
        </test-method> <!-- reqresGet -->
        <test-method signature="reqresPost()[pri:0, instance:exerciseAPI.ReqresCRUD@5b239d7d]" started-at="2023-10-08T17:08:00 IST" name="reqresPost" finished-at="2023-10-08T17:08:00 IST" duration-ms="928" status="PASS">
          <reporter-output>
          </reporter-output>
        </test-method> <!-- reqresPost -->
        <test-method signature="reqresPut()[pri:0, instance:exerciseAPI.ReqresCRUD@5b239d7d]" started-at="2023-10-08T17:08:00 IST" name="reqresPut" finished-at="2023-10-08T17:08:01 IST" duration-ms="939" status="PASS">
          <reporter-output>
          </reporter-output>
        </test-method> <!-- reqresPut -->
      </class> <!-- exerciseAPI.ReqresCRUD -->
    </test> <!-- Default test -->
  </suite> <!-- Default suite -->
</testng-results>
